[0.020s] Invoking command in '/home/stefan/projectsLinux/BeerBot/ros2_code/build/template_code': CMAKE_PREFIX_PATH=${CMAKE_PREFIX_PATH}:/home/stefan/ws/install/opencv_tests:/opt/ros/foxy /usr/bin/cmake /home/stefan/projectsLinux/BeerBot/ros2_code/src/template_code -DCMAKE_INSTALL_PREFIX=/home/stefan/projectsLinux/BeerBot/ros2_code/install/template_code
[0.132s] -- The C compiler identification is GNU 9.4.0
[0.287s] -- The CXX compiler identification is GNU 9.4.0
[0.350s] -- Check for working C compiler: /usr/bin/cc
[0.456s] -- Check for working C compiler: /usr/bin/cc -- works
[0.457s] -- Detecting C compiler ABI info
[0.565s] -- Detecting C compiler ABI info - done
[0.576s] -- Detecting C compile features
[0.576s] -- Detecting C compile features - done
[0.578s] -- Check for working CXX compiler: /usr/bin/c++
[0.692s] -- Check for working CXX compiler: /usr/bin/c++ -- works
[0.692s] -- Detecting CXX compiler ABI info
[0.798s] -- Detecting CXX compiler ABI info - done
[0.808s] -- Detecting CXX compile features
[0.808s] -- Detecting CXX compile features - done
[0.810s] -- Found ament_cmake: 0.9.9 (/opt/ros/foxy/share/ament_cmake/cmake)
[0.836s] -- Found PythonInterp: /usr/bin/python3 (found suitable version "3.8.10", minimum required is "3") 
[0.836s] -- Using PYTHON_EXECUTABLE: /usr/bin/python3
[1.013s] -- Found rclcpp: 2.4.1 (/opt/ros/foxy/share/rclcpp/cmake)
[1.143s] -- Using all available rosidl_typesupport_c: rosidl_typesupport_fastrtps_c;rosidl_typesupport_introspection_c
[1.148s] -- Found rosidl_adapter: 1.2.1 (/opt/ros/foxy/share/rosidl_adapter/cmake)
[1.795s] -- Found OpenSSL: /usr/lib/x86_64-linux-gnu/libcrypto.so (found version "1.1.1f")  
[2.434s] -- Found FastRTPS: /opt/ros/foxy/include  
[3.599s] -- Using all available rosidl_typesupport_cpp: rosidl_typesupport_fastrtps_cpp;rosidl_typesupport_introspection_cpp
[3.647s] -- Found rmw_implementation_cmake: 1.0.3 (/opt/ros/foxy/share/rmw_implementation_cmake/cmake)
[3.649s] -- Using RMW implementation 'rmw_fastrtps_cpp' as default
[3.650s] -- Looking for pthread.h
[3.759s] -- Looking for pthread.h - found
[3.759s] -- Performing Test CMAKE_HAVE_LIBC_PTHREAD
[3.862s] -- Performing Test CMAKE_HAVE_LIBC_PTHREAD - Failed
[3.862s] -- Looking for pthread_create in pthreads
[3.951s] -- Looking for pthread_create in pthreads - not found
[3.951s] -- Looking for pthread_create in pthread
[4.055s] -- Looking for pthread_create in pthread - found
[4.056s] -- Found Threads: TRUE  
[4.187s] -- Found rosidl_default_generators: 1.0.1 (/opt/ros/foxy/share/rosidl_default_generators/cmake)
[4.218s] -- Found PythonInterp: /usr/bin/python3 (found version "3.8.10") 
[4.360s] -- Found ament_cmake_ros: 0.9.2 (/opt/ros/foxy/share/ament_cmake_ros/cmake)
[6.570s] -- Using all available rosidl_typesupport_c: rosidl_typesupport_fastrtps_c;rosidl_typesupport_introspection_c
[6.577s] -- Using all available rosidl_typesupport_cpp: rosidl_typesupport_fastrtps_cpp;rosidl_typesupport_introspection_cpp
[6.601s] -- Found PythonInterp: /usr/bin/python3 (found suitable version "3.8.10", minimum required is "3.5") 
[6.603s] -- Found python_cmake_module: 0.8.1 (/opt/ros/foxy/share/python_cmake_module/cmake)
[6.820s] -- Found PythonLibs: /usr/lib/x86_64-linux-gnu/libpython3.8.so (found suitable version "3.8.10", minimum required is "3.5") 
[6.821s] -- Using PYTHON_EXECUTABLE: /usr/bin/python3
[6.821s] -- Using PYTHON_INCLUDE_DIRS: /usr/include/python3.8
[6.821s] -- Using PYTHON_LIBRARIES: /usr/lib/x86_64-linux-gnu/libpython3.8.so
[6.843s] -- Found PythonExtra: .so  
[6.908s] -- Configuring done
[6.940s] -- Generating done
[6.943s] -- Build files have been written to: /home/stefan/projectsLinux/BeerBot/ros2_code/build/template_code
[6.955s] Invoked command in '/home/stefan/projectsLinux/BeerBot/ros2_code/build/template_code' returned '0': CMAKE_PREFIX_PATH=${CMAKE_PREFIX_PATH}:/home/stefan/ws/install/opencv_tests:/opt/ros/foxy /usr/bin/cmake /home/stefan/projectsLinux/BeerBot/ros2_code/src/template_code -DCMAKE_INSTALL_PREFIX=/home/stefan/projectsLinux/BeerBot/ros2_code/install/template_code
[6.959s] Invoking command in '/home/stefan/projectsLinux/BeerBot/ros2_code/build/template_code': CMAKE_PREFIX_PATH=${CMAKE_PREFIX_PATH}:/home/stefan/ws/install/opencv_tests:/opt/ros/foxy /usr/bin/cmake --build /home/stefan/projectsLinux/BeerBot/ros2_code/build/template_code -- -j8 -l8
[6.991s] [  3%] [34m[1mGenerating C code for ROS interfaces[0m
[6.991s] [35m[1mScanning dependencies of target template_code__cpp[0m
[6.991s] [35m[1mScanning dependencies of target templateServo[0m
[6.999s] [  9%] [34m[1mGenerating C++ code for ROS interfaces[0m
[7.000s] [  9%] [32mBuilding CXX object CMakeFiles/templateServo.dir/src/TemplateServo.cpp.o[0m
[7.006s] [01m[K/home/stefan/projectsLinux/BeerBot/ros2_code/src/template_code/src/TemplateServo.cpp:4:10:[m[K [01;31m[Kfatal error: [m[Ktemplate_code/msg/servo_data.hpp: No such file or directory
[7.006s]     4 | #include [01;31m[K"template_code/msg/servo_data.hpp"[m[K
[7.006s]       |          [01;31m[K^~~~~~~~~~~~~~~~~~~~~~~~~~~~~~~~~~[m[K
[7.007s] compilation terminated.
[7.007s] make[2]: *** [CMakeFiles/templateServo.dir/build.make:63: CMakeFiles/templateServo.dir/src/TemplateServo.cpp.o] Error 1
[7.007s] make[1]: *** [CMakeFiles/Makefile2:445: CMakeFiles/templateServo.dir/all] Error 2
[7.007s] make[1]: *** Waiting for unfinished jobs....
[7.191s] [35m[1mScanning dependencies of target template_code__rosidl_generator_c[0m
[7.195s] [  9%] Built target template_code__cpp
[7.200s] [ 12%] [32mBuilding C object CMakeFiles/template_code__rosidl_generator_c.dir/rosidl_generator_c/template_code/msg/detail/servo_data__functions.c.o[0m
[7.228s] [ 15%] [32m[1mLinking C shared library libtemplate_code__rosidl_generator_c.so[0m
[7.303s] [ 15%] Built target template_code__rosidl_generator_c
[7.304s] make: *** [Makefile:141: all] Error 2
[7.308s] Invoked command in '/home/stefan/projectsLinux/BeerBot/ros2_code/build/template_code' returned '2': CMAKE_PREFIX_PATH=${CMAKE_PREFIX_PATH}:/home/stefan/ws/install/opencv_tests:/opt/ros/foxy /usr/bin/cmake --build /home/stefan/projectsLinux/BeerBot/ros2_code/build/template_code -- -j8 -l8
