[35m[1mScanning dependencies of target templateServo[0m
[ 50%] [32mBuilding CXX object CMakeFiles/templateServo.dir/src/TemplateServo.cpp.o[0m
[01m[K/home/stefan/projectsLinux/BeerBot/ros2_code/src/template_code/src/TemplateServo.cpp:22:29:[m[K [01;31m[Kerror: [m[Kâ€˜[01m[Ktemplate_data[m[Kâ€™ does not name a type
   22 |   void topic_callback(const [01;31m[Ktemplate_data[m[K::msg::ServoData msg) const
      |                             [01;31m[K^~~~~~~~~~~~~[m[K
[01m[K/home/stefan/projectsLinux/BeerBot/ros2_code/src/template_code/src/TemplateServo.cpp:22:47:[m[K [01;31m[Kerror: [m[Kexpected unqualified-id before â€˜[01m[K::[m[Kâ€™ token
   22 |   void topic_callback(const template_data::msg[01;31m[K::[m[KServoData msg) const
      |                                               [01;31m[K^~[m[K
[01m[K/home/stefan/projectsLinux/BeerBot/ros2_code/src/template_code/src/TemplateServo.cpp:22:47:[m[K [01;31m[Kerror: [m[Kexpected â€˜[01m[K)[m[Kâ€™ before â€˜[01m[K::[m[Kâ€™ token
   22 |   void topic_callback[34m[K([m[Kconst template_data::msg[01;31m[K:[m[K[32m[K:[m[KServoData msg) const
      |                      [34m[K~[m[K                        [01;31m[K^[m[K[32m[K~[m[K
      |                                               [32m[K)[m[K
[01m[K/home/stefan/projectsLinux/BeerBot/ros2_code/src/template_code/src/TemplateServo.cpp:22:44:[m[K [01;31m[Kerror: [m[Kexpected â€˜[01m[K;[m[Kâ€™ at end of member declaration
   22 |   void topic_callback(const template_data::[01;31m[Kmsg[m[K::ServoData msg) const
      |                                            [01;31m[K^~~[m[K
      |                                               [32m[K;[m[K
[01m[K/home/stefan/projectsLinux/BeerBot/ros2_code/src/template_code/src/TemplateServo.cpp:22:49:[m[K [01;31m[Kerror: [m[Kâ€˜[01m[KServoData[m[Kâ€™ in namespace â€˜[01m[K::[m[Kâ€™ does not name a type
   22 |   void topic_callback(const template_data::msg::[01;31m[KServoData[m[K msg) const
      |                                                 [01;31m[K^~~~~~~~~[m[K
[01m[K/home/stefan/projectsLinux/BeerBot/ros2_code/src/template_code/src/TemplateServo.cpp:29:24:[m[K [01;31m[Kerror: [m[Kâ€˜[01m[Ktemplate_data[m[Kâ€™ was not declared in this scope
   29 |   rclcpp::Subscription<[01;31m[Ktemplate_data[m[K::msg::ServoData>::SharedPtr subscription_;
      |                        [01;31m[K^~~~~~~~~~~~~[m[K
[01m[K/home/stefan/projectsLinux/BeerBot/ros2_code/src/template_code/src/TemplateServo.cpp:29:53:[m[K [01;31m[Kerror: [m[Ktemplate argument 1 is invalid
   29 |   rclcpp::Subscription<template_data::msg::ServoData[01;31m[K>[m[K::SharedPtr subscription_;
      |                                                     [01;31m[K^[m[K
[01m[K/home/stefan/projectsLinux/BeerBot/ros2_code/src/template_code/src/TemplateServo.cpp:29:53:[m[K [01;31m[Kerror: [m[Ktemplate argument 3 is invalid
[01m[K/home/stefan/projectsLinux/BeerBot/ros2_code/src/template_code/src/TemplateServo.cpp:29:56:[m[K [01;31m[Kerror: [m[Kexpected â€˜[01m[K;[m[Kâ€™ at end of member declaration
   29 |   rclcpp::Subscription<template_data::msg::ServoData>::[01;31m[KSharedPtr[m[K subscription_;
      |                                                        [01;31m[K^~~~~~~~~[m[K
      |                                                                 [32m[K;[m[K
[01m[K/home/stefan/projectsLinux/BeerBot/ros2_code/src/template_code/src/TemplateServo.cpp:29:66:[m[K [01;31m[Kerror: [m[Kâ€˜[01m[Ksubscription_[m[Kâ€™ does not name a type; did you mean â€˜[01m[Krcl_subscription_t[m[Kâ€™?
   29 |   rclcpp::Subscription<template_data::msg::ServoData>::SharedPtr [01;31m[Ksubscription_[m[K;
      |                                                                  [01;31m[K^~~~~~~~~~~~~[m[K
      |                                                                  [32m[Krcl_subscription_t[m[K
[01m[K/home/stefan/projectsLinux/BeerBot/ros2_code/src/template_code/src/TemplateServo.cpp:[m[K In constructor â€˜[01m[KTemplateServo::TemplateServo()[m[Kâ€™:
[01m[K/home/stefan/projectsLinux/BeerBot/ros2_code/src/template_code/src/TemplateServo.cpp:17:5:[m[K [01;31m[Kerror: [m[Kâ€˜[01m[Ksubscription_[m[Kâ€™ was not declared in this scope; did you mean â€˜[01m[Krcl_subscription_t[m[Kâ€™?
   17 |     [01;31m[Ksubscription_[m[K = this->create_subscription<template_data::msg::ServoData>(
      |     [01;31m[K^~~~~~~~~~~~~[m[K
      |     [32m[Krcl_subscription_t[m[K
[01m[K/home/stefan/projectsLinux/BeerBot/ros2_code/src/template_code/src/TemplateServo.cpp:17:47:[m[K [01;31m[Kerror: [m[Kâ€˜[01m[Ktemplate_data[m[Kâ€™ was not declared in this scope
   17 |     subscription_ = this->create_subscription<[01;31m[Ktemplate_data[m[K::msg::ServoData>(
      |                                               [01;31m[K^~~~~~~~~~~~~[m[K
[01m[K/home/stefan/projectsLinux/BeerBot/ros2_code/src/template_code/src/TemplateServo.cpp:17:27:[m[K [01;31m[Kerror: [m[Kparse error in template argument list
   17 |     subscription_ = this->[01;31m[Kcreate_subscription<template_data::msg::ServoData>[m[K(
      |                           [01;31m[K^~~~~~~~~~~~~~~~~~~~~~~~~~~~~~~~~~~~~~~~~~~~~~~~~~[m[K
[01m[K/home/stefan/projectsLinux/BeerBot/ros2_code/src/template_code/src/TemplateServo.cpp:18:74:[m[K [01;31m[Kerror: [m[Kno matching function for call to â€˜[01m[KTemplateServo::create_subscription<<expression error> >(const char [3], int, std::_Bind_helper<false, void (TemplateServo::*)(...), TemplateServo*, const std::_Placeholder<1>&>::type)[m[Kâ€™
   18 |       SERVO_NAME, 10, std::bind(&TemplateServo::topic_callback, this, _1)[01;31m[K)[m[K;
      |                                                                          [01;31m[K^[m[K
In file included from [01m[K/opt/ros/foxy/include/rclcpp/executors/single_threaded_executor.hpp:28[m[K,
                 from [01m[K/opt/ros/foxy/include/rclcpp/executors.hpp:22[m[K,
                 from [01m[K/opt/ros/foxy/include/rclcpp/rclcpp.hpp:146[m[K,
                 from [01m[K/home/stefan/projectsLinux/BeerBot/ros2_code/src/template_code/src/TemplateServo.cpp:3[m[K:
[01m[K/opt/ros/foxy/include/rclcpp/node.hpp:213:3:[m[K [01;36m[Knote: [m[Kcandidate: â€˜[01m[Ktemplate<class MessageT, class CallbackT, class AllocatorT, class CallbackMessageT, class SubscriptionT, class MessageMemoryStrategyT> std::shared_ptr<SubscriptionT> rclcpp::Node::create_subscription(const string&, const rclcpp::QoS&, CallbackT&&, const rclcpp::SubscriptionOptionsWithAllocator<AllocatorT>&, typename MessageMemoryStrategyT::SharedPtr)[m[Kâ€™
  213 |   [01;36m[Kcreate_subscription[m[K(
      |   [01;36m[K^~~~~~~~~~~~~~~~~~~[m[K
[01m[K/opt/ros/foxy/include/rclcpp/node.hpp:213:3:[m[K [01;36m[Knote: [m[K  template argument deduction/substitution failed:
[01m[K/home/stefan/projectsLinux/BeerBot/ros2_code/src/template_code/src/TemplateServo.cpp:18:74:[m[K [01;31m[Kerror: [m[Ktemplate argument 1 is invalid
   18 |       SERVO_NAME, 10, std::bind(&TemplateServo::topic_callback, this, _1)[01;31m[K)[m[K;
      |                                                                          [01;31m[K^[m[K
make[2]: *** [CMakeFiles/templateServo.dir/build.make:63: CMakeFiles/templateServo.dir/src/TemplateServo.cpp.o] Error 1
make[1]: *** [CMakeFiles/Makefile2:78: CMakeFiles/templateServo.dir/all] Error 2
make: *** [Makefile:141: all] Error 2
